DROP TABLE
CREATE TABLE
INSERT 0 16
DROP TABLE
CREATE TABLE
INSERT 0 16
DROP TABLE
CREATE TABLE
INSERT 0 25
DROP TABLE
CREATE TABLE
INSERT 0 24
DROP TABLE
CREATE TABLE
DROP TABLE
CREATE TABLE
INSERT 0 10
INSERT 0 8
DROP TABLE
CREATE TABLE
DROP TABLE
CREATE TABLE
INSERT 0 7
INSERT 0 8
          test           
-------------------------
 Test1: Range Arithmetic
(1 row)

 name | code | actual | expected | source 
------+------+--------+----------+--------
(0 rows)

         test          
-----------------------
 Test2: Set Arithmetic
(1 row)

           name            |                           code                            | actual | expected  |     source      
---------------------------+-----------------------------------------------------------+--------+-----------+-----------------
 set_add_empty_param1      | set_add(array[]::int4range[], array[int4range(1,5)])      | {}     | {"[1,5)"} | t2_s_arithmetic
 set_add_empty_param2      | set_add(array[int4range(1,5)], array[]::int4range[])      | {}     | {"[1,5)"} | t2_s_arithmetic
 set_subtract_empty_param2 | set_subtract(array[int4range(1,5)], array[]::int4range[]) | {}     | {"[1,5)"} | t2_s_arithmetic
(3 rows)

              test              
--------------------------------
 Test3: Range Logical Operators
(1 row)

 name | actual | expected | code | source 
------+--------+----------+------+--------
(0 rows)

             test             
------------------------------
 Test4: Set Logical Operators
(1 row)

      name       | actual | expected |                         code                          |    source    
-----------------+--------+----------+-------------------------------------------------------+--------------
 lt_empty_true   |        | t        | set_lt(array[]::int4range[], array[int4range(25,35)]) | t4_s_logical
 lte_empty_true  |        | t        | set_lte(array[]::int4range[], array[int4range(1,26)]) | t4_s_logical
 gt_empty_true   |        | t        | set_gt(array[int4range(1,33)], array[]::int4range[])  | t4_s_logical
 gte_empty_true  |        | t        | set_gte(array[int4range(1,33)], array[]::int4range[]) | t4_s_logical
 gt_empty_false  |        | f        | set_gt(array[]::int4range[], array[int4range(25,35)]) | t4_s_logical
 gte_empty_false |        | f        | set_gte(array[]::int4range[], array[int4range(1,26)]) | t4_s_logical
 lt_empty_false  |        | f        | set_lt(array[int4range(1,33)], array[]::int4range[])  | t4_s_logical
 lte_empty_false |        | f        | set_lte(array[int4range(1,33)], array[]::int4range[]) | t4_s_logical
(8 rows)

          test           
-------------------------
 Test5: Range Aggregates
(1 row)

   name    |                           code                            | actual | expected |     source      
-----------+-----------------------------------------------------------+--------+----------+-----------------
 min_basic | min(combine_range_mult_min(colA, mult))                   | [2,4)  | [5,15)   | t5_r_aggregates
 sum_basic | sum(combine_range_mult_sum(colA, mult)) WHERE id IN (5,6) | [5,8)  | [5,9)    | t5_r_aggregates
(2 rows)

         test          
-----------------------
 Test6: Set Aggregates
(1 row)

           name            |                          code                           |  actual   |           expected           |     source      
---------------------------+---------------------------------------------------------+-----------+------------------------------+-----------------
 max_set_ignores_uncertain | max(combine_set_mult_max(colA, mult)) WHERE id IN (1,3) | {"[1,3)"} | {"[1,3)","[6,10)","[20,30)"} | t6_s_aggregates
(1 row)

